<?xml version="1.0" encoding="UTF-8"?>
<!-- Generated by org.testng.reporters.JUnitReportReporter -->
<testsuite hostname="LAPTOP-1PGEGCF0" name="com.test.runner.RunnerTestNG" tests="1" failures="0" timestamp="18 Jan 2018 18:40:24 GMT" time="18.042" errors="0">
  <testcase name="feature" time="18.042" classname="com.test.runner.RunnerTestNG"/>
</testsuite> <!-- com.test.runner.RunnerTestNG -->
